Using pre-set license
Built from '2020.3/staging' branch; Version is '2020.3.16f1 (049d6eca3c44) revision 302446'; Using compiler version '192528614'; Build Type 'Release'
OS: 'Windows 10 Enterprise; OS build 19042.1151; Version 2009; 64bit' Language: 'en' Physical Memory: 16230 MB
BatchMode: 1, IsHumanControllingUs: 0, StartBugReporterOnCrash: 0, Is64bit: 1, IsPro: 0

 COMMAND LINE ARGUMENTS:
C:\Program Files\Unity\Hub\Editor\2020.3.16f1\Editor\Unity.exe
-adb2
-batchMode
-noUpm
-name
AssetImportWorker0
-projectPath
C:/Users/pcampbel1/8-31 class work
-logFile
Logs/AssetImportWorker0.log
-srvPort
59613
Successfully changed project path to: C:/Users/pcampbel1/8-31 class work
C:/Users/pcampbel1/8-31 class work
Using Asset Import Pipeline V2.
Refreshing native plugins compatible for Editor in 27.82 ms, found 2 plugins.
Preloading 0 native plugins for Editor in 0.00 ms.
Initialize engine version: 2020.3.16f1 (049d6eca3c44)
[Subsystems] Discovering subsystems at path C:/Program Files/Unity/Hub/Editor/2020.3.16f1/Editor/Data/Resources/UnitySubsystems
[Subsystems] Discovering subsystems at path C:/Users/pcampbel1/8-31 class work/Assets
GfxDevice: creating device client; threaded=0
Direct3D:
    Version:  Direct3D 11.0 [level 11.1]
    Renderer: NVIDIA Quadro P2000 (ID=0x1cba)
    Vendor:   
    VRAM:     4018 MB
    Driver:   27.21.14.5296
Initialize mono
Mono path[0] = 'C:/Program Files/Unity/Hub/Editor/2020.3.16f1/Editor/Data/Managed'
Mono path[1] = 'C:/Program Files/Unity/Hub/Editor/2020.3.16f1/Editor/Data/MonoBleedingEdge/lib/mono/unityjit'
Mono config path = 'C:/Program Files/Unity/Hub/Editor/2020.3.16f1/Editor/Data/MonoBleedingEdge/etc'
Using monoOptions --debugger-agent=transport=dt_socket,embedding=1,server=y,suspend=n,address=127.0.0.1:56340
Begin MonoManager ReloadAssembly
Registering precompiled unity dll's ...
Register platform support module: C:/Program Files/Unity/Hub/Editor/2020.3.16f1/Editor/Data/PlaybackEngines/WindowsStandaloneSupport/UnityEditor.WindowsStandalone.Extensions.dll
Registered in 0.002143 seconds.
Native extension for WindowsStandalone target not found
Refreshing native plugins compatible for Editor in 30.17 ms, found 2 plugins.
Preloading 0 native plugins for Editor in 0.00 ms.
Mono: successfully reloaded assembly
- Completed reload, in  1.287 seconds
Domain Reload Profiling:
	ReloadAssembly (1287ms)
		BeginReloadAssembly (55ms)
			ExecutionOrderSort (0ms)
			DisableScriptedObjects (0ms)
			BackupInstance (0ms)
			ReleaseScriptingObjects (0ms)
			CreateAndSetChildDomain (1ms)
		EndReloadAssembly (409ms)
			LoadAssemblies (53ms)
			RebuildTransferFunctionScriptingTraits (0ms)
			SetupTypeCache (147ms)
			ReleaseScriptCaches (0ms)
			RebuildScriptCaches (30ms)
			SetupLoadedEditorAssemblies (159ms)
				LogAssemblyErrors (0ms)
				InitializePlatformSupportModulesInManaged (4ms)
				SetLoadedEditorAssemblies (0ms)
				RefreshPlugins (30ms)
				BeforeProcessingInitializeOnLoad (8ms)
				ProcessInitializeOnLoadAttributes (86ms)
				ProcessInitializeOnLoadMethodAttributes (30ms)
				AfterProcessingInitializeOnLoad (0ms)
				EditorAssembliesLoaded (0ms)
			ExecutionOrderSort2 (0ms)
			AwakeInstancesAfterBackupRestoration (0ms)
Platform modules already initialized, skipping
Registering precompiled user dll's ...
Registered in 0.007639 seconds.
Begin MonoManager ReloadAssembly
Native extension for WindowsStandalone target not found
Refreshing native plugins compatible for Editor in 0.29 ms, found 2 plugins.
Preloading 0 native plugins for Editor in 0.00 ms.
Mono: successfully reloaded assembly
- Completed reload, in  1.016 seconds
Domain Reload Profiling:
	ReloadAssembly (1017ms)
		BeginReloadAssembly (142ms)
			ExecutionOrderSort (0ms)
			DisableScriptedObjects (4ms)
			BackupInstance (0ms)
			ReleaseScriptingObjects (0ms)
			CreateAndSetChildDomain (18ms)
		EndReloadAssembly (815ms)
			LoadAssemblies (88ms)
			RebuildTransferFunctionScriptingTraits (0ms)
			SetupTypeCache (260ms)
			ReleaseScriptCaches (0ms)
			RebuildScriptCaches (40ms)
			SetupLoadedEditorAssemblies (342ms)
				LogAssemblyErrors (0ms)
				InitializePlatformSupportModulesInManaged (5ms)
				SetLoadedEditorAssemblies (0ms)
				RefreshPlugins (0ms)
				BeforeProcessingInitializeOnLoad (48ms)
				ProcessInitializeOnLoadAttributes (278ms)
				ProcessInitializeOnLoadMethodAttributes (4ms)
				AfterProcessingInitializeOnLoad (5ms)
				EditorAssembliesLoaded (0ms)
			ExecutionOrderSort2 (0ms)
			AwakeInstancesAfterBackupRestoration (6ms)
Platform modules already initialized, skipping
========================================================================
Worker process is ready to serve import requests
Launched and connected shader compiler UnityShaderCompiler.exe after 0.07 seconds
Refreshing native plugins compatible for Editor in 0.50 ms, found 2 plugins.
Preloading 0 native plugins for Editor in 0.00 ms.
Unloading 1400 Unused Serialized files (Serialized files now loaded: 0)
System memory in use before: 64.9 MB.
System memory in use after: 65.0 MB.

Unloading 18 unused Assets to reduce memory usage. Loaded Objects now: 1833.
Total: 2.889200 ms (FindLiveObjects: 0.149800 ms CreateObjectMapping: 0.036900 ms MarkObjects: 2.636400 ms  DeleteObjects: 0.065100 ms)

AssetImportParameters requested are different than current active one (requested -> active):
  custom:framework-win-MediaFoundation: 216162199b28c13a410421893ffa2e32 -> 
  custom:video-decoder-ogg-theora: a1e56fd34408186e4bbccfd4996cb3dc -> 
  custom:container-muxer-webm: aa71ff27fc2769a1b78a27578f13a17b -> 
  custom:container-demuxer-webm: 4f35f7cbe854078d1ac9338744f61a02 -> 
  custom:container-demuxer-ogg: 62fdf1f143b41e24485cea50d1cbac27 -> 
  custom:video-encoder-webm-vp8: eb34c28f22e8b96e1ab97ce403110664 -> 
  custom:video-decoder-webm-vp8: 9c59270c3fd7afecdb556c50c9e8de78 -> 
  custom:audio-decoder-ogg-vorbis: bf7c407c2cedff20999df2af8eb42d56 -> 
  custom:audio-encoder-webm-vorbis: bf7c407c2cedff20999df2af8eb42d56 -> 
========================================================================
Received Import Request.
  path: Assets/Assets
  artifactKey: Guid(ec1c7a092b84d4c4891f87c2c1a51176) Importer(815301076,1909f56bfc062723c751e8b465ee728b)
Start importing Assets/Assets using Guid(ec1c7a092b84d4c4891f87c2c1a51176) Importer(815301076,1909f56bfc062723c751e8b465ee728b)  -> (artifact id: '2bf2d32b40e81305f73906c1b5a02c90') in 0.004723 seconds 
  Import took 0.007406 seconds .

========================================================================
Received Import Request.
  Time since last request: 2.805099 seconds.
  path: Assets/Assets/Materials
  artifactKey: Guid(d8f7f261e3775064f896288d867a242b) Importer(815301076,1909f56bfc062723c751e8b465ee728b)
Start importing Assets/Assets/Materials using Guid(d8f7f261e3775064f896288d867a242b) Importer(815301076,1909f56bfc062723c751e8b465ee728b)  -> (artifact id: 'e0450fb5638a5d0f6e6b99da8c97074f') in 0.003085 seconds 
  Import took 0.005498 seconds .

========================================================================
Received Import Request.
  Time since last request: 0.025633 seconds.
  path: Assets/Assets/Materials/Grassy.mat
  artifactKey: Guid(10a01341b5e6fe0489c54d5772619461) Importer(815301076,1909f56bfc062723c751e8b465ee728b)
Start importing Assets/Assets/Materials/Grassy.mat using Guid(10a01341b5e6fe0489c54d5772619461) Importer(815301076,1909f56bfc062723c751e8b465ee728b)  -> (artifact id: 'd3725a744c5d367507b9ba94928b6c95') in 0.325311 seconds 
  Import took 0.328100 seconds .

========================================================================
Received Import Request.
  Time since last request: 0.000345 seconds.
  path: Assets/Assets/Materials/House Material.mat
  artifactKey: Guid(13263a7e5c47a5441b6273b1f656a602) Importer(815301076,1909f56bfc062723c751e8b465ee728b)
Start importing Assets/Assets/Materials/House Material.mat using Guid(13263a7e5c47a5441b6273b1f656a602) Importer(815301076,1909f56bfc062723c751e8b465ee728b)  -> (artifact id: '193bd4c1e8d2c08ec0dc0c65f8629eb1') in 0.152023 seconds 
  Import took 0.154458 seconds .

========================================================================
Received Import Request.
  Time since last request: 0.000272 seconds.
  path: Assets/Assets/Materials/Mushroom Cap.mat
  artifactKey: Guid(ad5669dee9c966448b58358a76ff352c) Importer(815301076,1909f56bfc062723c751e8b465ee728b)
Start importing Assets/Assets/Materials/Mushroom Cap.mat using Guid(ad5669dee9c966448b58358a76ff352c) Importer(815301076,1909f56bfc062723c751e8b465ee728b)  -> (artifact id: '1960ecb76db9cd9c2615732560922315') in 0.009147 seconds 
  Import took 0.011470 seconds .

========================================================================
Received Import Request.
  Time since last request: 0.000336 seconds.
  path: Assets/Assets/Materials/Mushroom Stem.mat
  artifactKey: Guid(461ace2ad5acc3a4690c6aef1268106a) Importer(815301076,1909f56bfc062723c751e8b465ee728b)
Start importing Assets/Assets/Materials/Mushroom Stem.mat using Guid(461ace2ad5acc3a4690c6aef1268106a) Importer(815301076,1909f56bfc062723c751e8b465ee728b)  -> (artifact id: 'd2a8a7419a84392c2023d0058592d0a4') in 0.010873 seconds 
  Import took 0.013435 seconds .

========================================================================
Received Import Request.
  Time since last request: 2.493302 seconds.
  path: Assets/Assets/Models
  artifactKey: Guid(3c5f06b91534d1a44bc673867412c285) Importer(815301076,1909f56bfc062723c751e8b465ee728b)
Start importing Assets/Assets/Models using Guid(3c5f06b91534d1a44bc673867412c285) Importer(815301076,1909f56bfc062723c751e8b465ee728b)  -> (artifact id: '9193ec3d7d30d5c06acf1fc60d5c9c9e') in 0.003293 seconds 
  Import took 0.006032 seconds .

========================================================================
Received Import Request.
  Time since last request: 0.000383 seconds.
  path: Assets/Assets/Models
  artifactKey: Guid(3c5f06b91534d1a44bc673867412c285) Importer(815301076,1909f56bfc062723c751e8b465ee728b)
Start importing Assets/Assets/Models using Guid(3c5f06b91534d1a44bc673867412c285) Importer(815301076,1909f56bfc062723c751e8b465ee728b)  -> (artifact id: '9193ec3d7d30d5c06acf1fc60d5c9c9e') in 0.002429 seconds 
  Import took 0.004754 seconds .

========================================================================
Received Import Request.
  Time since last request: 0.708461 seconds.
  path: Assets/Assets/Scenes
  artifactKey: Guid(223066cbbd7b63648a45a437e38dc053) Importer(815301076,1909f56bfc062723c751e8b465ee728b)
Start importing Assets/Assets/Scenes using Guid(223066cbbd7b63648a45a437e38dc053) Importer(815301076,1909f56bfc062723c751e8b465ee728b)  -> (artifact id: 'e19d998a6c6f3e1319d81fa753913fdb') in 0.003187 seconds 
  Import took 0.006216 seconds .

========================================================================
Received Import Request.
  Time since last request: 1.410443 seconds.
  path: Assets/Assets/Scenes/SampleScene.unity
  artifactKey: Guid(826a41edb9fe7504dbca5635ade39cbe) Importer(815301076,1909f56bfc062723c751e8b465ee728b)
Start importing Assets/Assets/Scenes/SampleScene.unity using Guid(826a41edb9fe7504dbca5635ade39cbe) Importer(815301076,1909f56bfc062723c751e8b465ee728b)  -> (artifact id: '38c35001c4db8228f7810eddb9f45183') in 0.003555 seconds 
  Import took 0.006246 seconds .

========================================================================
Received Import Request.
  Time since last request: 0.000392 seconds.
  path: Assets/Assets/Scenes/SampleScene.unity
  artifactKey: Guid(826a41edb9fe7504dbca5635ade39cbe) Importer(815301076,1909f56bfc062723c751e8b465ee728b)
Start importing Assets/Assets/Scenes/SampleScene.unity using Guid(826a41edb9fe7504dbca5635ade39cbe) Importer(815301076,1909f56bfc062723c751e8b465ee728b)  -> (artifact id: '38c35001c4db8228f7810eddb9f45183') in 0.002406 seconds 
  Import took 0.005139 seconds .

========================================================================
Received Import Request.
  Time since last request: 10.098557 seconds.
  path: Assets/Assets/Scrips
  artifactKey: Guid(bc0cb6ecfaad1484cb87e3e295680e55) Importer(815301076,1909f56bfc062723c751e8b465ee728b)
Start importing Assets/Assets/Scrips using Guid(bc0cb6ecfaad1484cb87e3e295680e55) Importer(815301076,1909f56bfc062723c751e8b465ee728b)  -> (artifact id: '44b3b915af14afeb7aaae7a39375c743') in 0.003070 seconds 
  Import took 0.014889 seconds .

========================================================================
Received Import Request.
  Time since last request: 3.547628 seconds.
  path: Assets/Assets/Scrips/SkyColor.cs
  artifactKey: Guid(1e0f3e658e5af864699a51b6a7d55e11) Importer(815301076,1909f56bfc062723c751e8b465ee728b)
Start importing Assets/Assets/Scrips/SkyColor.cs using Guid(1e0f3e658e5af864699a51b6a7d55e11) Importer(815301076,1909f56bfc062723c751e8b465ee728b)  -> (artifact id: '2225f965b2bde6b8ebaf847264ed29bd') in 0.017920 seconds 
  Import took 0.020922 seconds .

========================================================================
Received Import Request.
  Time since last request: 0.011361 seconds.
  path: Assets/Assets/Scrips/SkyColor.cs
  artifactKey: Guid(1e0f3e658e5af864699a51b6a7d55e11) Importer(815301076,1909f56bfc062723c751e8b465ee728b)
Start importing Assets/Assets/Scrips/SkyColor.cs using Guid(1e0f3e658e5af864699a51b6a7d55e11) Importer(815301076,1909f56bfc062723c751e8b465ee728b)  -> (artifact id: '2225f965b2bde6b8ebaf847264ed29bd') in 0.003025 seconds 
  Import took 0.005285 seconds .

========================================================================
Received Import Request.
  Time since last request: 2898.170415 seconds.
  path: Assets/Assets/Scrips/SkyColor.cs
  artifactKey: Guid(1e0f3e658e5af864699a51b6a7d55e11) Importer(815301076,1909f56bfc062723c751e8b465ee728b)
Start importing Assets/Assets/Scrips/SkyColor.cs using Guid(1e0f3e658e5af864699a51b6a7d55e11) Importer(815301076,1909f56bfc062723c751e8b465ee728b)  -> (artifact id: '2dddde4607d170ae84bf19c276323380') in 0.002446 seconds 
  Import took 0.013116 seconds .

AssetImportWorkerClient::OnTransportError - code=2 error=End of file
